<?xml version="1.0" encoding="UTF-8"?>
<testng-results ignored="0" total="1" passed="1" failed="0" skipped="0">
  <reporter-output>
  </reporter-output>
  <suite started-at="2018-05-12T18:20:18Z" name="Suite" finished-at="2018-05-12T18:20:31Z" duration-ms="12729">
    <groups>
    </groups>
    <test started-at="2018-05-12T18:20:18Z" name="Test" finished-at="2018-05-12T18:20:31Z" duration-ms="12729">
      <class name="com.project.MavenExample">
        <test-method signature="mavenTest()[pri:0, instance:com.project.MavenExample@59474f18]" started-at="2018-05-12T18:20:18Z" name="mavenTest" finished-at="2018-05-12T18:20:31Z" duration-ms="12697" status="PASS">
          <reporter-output>
          </reporter-output>
        </test-method> <!-- mavenTest -->
      </class> <!-- com.project.MavenExample -->
    </test> <!-- Test -->
  </suite> <!-- Suite -->
</testng-results>
